<?xml version="1.0" encoding="UTF-8"?>
<!-- Generated by org.testng.reporters.JUnitReportReporter -->
<testsuite hostname="DTBLR01LP237" failures="0" tests="1" name="com.orange.test.LoginTestPage" time="3.429" errors="0" timestamp="2023-08-08T16:39:11 IST" skipped="0">
  <testcase classname="com.orange.test.LoginTestPage" name="loginTest" time="3.429"/>
  <system-out/>
</testsuite> <!-- com.orange.test.LoginTestPage -->
