<?xml version="1.0" encoding="UTF-8"?>
<!-- Generated by org.testng.reporters.JUnitReportReporter -->
<testsuite hostname="DTBLR01LP237" failures="0" tests="1" name="com.orange.test.Demo" time="3.301" errors="0" timestamp="2023-07-31T12:51:21 IST" skipped="0">
  <testcase classname="com.orange.test.Demo" name="openBrowser" time="3.301"/>
  <system-out/>
</testsuite> <!-- com.orange.test.Demo -->
