<?xml version="1.0" encoding="UTF-8"?>
<!-- Generated by org.testng.reporters.JUnitReportReporter -->
<testsuite hostname="DTBLR01LP237" failures="0" tests="1" name="com.orange.base.Demo" time="3.777" errors="0" timestamp="2023-07-21T10:44:02 IST" skipped="0">
  <testcase classname="com.orange.base.Demo" name="openBrowser" time="3.777"/>
  <system-out/>
</testsuite> <!-- com.orange.base.Demo -->
